Using pre-set license
Built from '2022.3/staging' branch; Version is '2022.3.15f1 (b58023a2b463) revision 11894819'; Using compiler version '192829333'; Build Type 'Release'
OS: 'Windows 10  (10.0.19045) 64bit Core' Language: 'en' Physical Memory: 16085 MB
BatchMode: 1, IsHumanControllingUs: 0, StartBugReporterOnCrash: 0, Is64bit: 1, IsPro: 1

COMMAND LINE ARGUMENTS:
C:\Program Files\Unity\Hub\Editor\2022.3.15f1\Editor\Unity.exe
-adb2
-batchMode
-noUpm
-name
AssetImportWorker1
-projectPath
C:/Users/spark/Documents/GitHub/JJ-Mango
-logFile
Logs/AssetImportWorker1.log
-srvPort
53411
Successfully changed project path to: C:/Users/spark/Documents/GitHub/JJ-Mango
C:/Users/spark/Documents/GitHub/JJ-Mango
[UnityMemory] Configuration Parameters - Can be set up in boot.config
    "memorysetup-bucket-allocator-granularity=16"
    "memorysetup-bucket-allocator-bucket-count=8"
    "memorysetup-bucket-allocator-block-size=33554432"
    "memorysetup-bucket-allocator-block-count=8"
    "memorysetup-main-allocator-block-size=16777216"
    "memorysetup-thread-allocator-block-size=16777216"
    "memorysetup-gfx-main-allocator-block-size=16777216"
    "memorysetup-gfx-thread-allocator-block-size=16777216"
    "memorysetup-cache-allocator-block-size=4194304"
    "memorysetup-typetree-allocator-block-size=2097152"
    "memorysetup-profiler-bucket-allocator-granularity=16"
    "memorysetup-profiler-bucket-allocator-bucket-count=8"
    "memorysetup-profiler-bucket-allocator-block-size=33554432"
    "memorysetup-profiler-bucket-allocator-block-count=8"
    "memorysetup-profiler-allocator-block-size=16777216"
    "memorysetup-profiler-editor-allocator-block-size=1048576"
    "memorysetup-temp-allocator-size-main=16777216"
    "memorysetup-job-temp-allocator-block-size=2097152"
    "memorysetup-job-temp-allocator-block-size-background=1048576"
    "memorysetup-job-temp-allocator-reduction-small-platforms=262144"
    "memorysetup-allocator-temp-initial-block-size-main=262144"
    "memorysetup-allocator-temp-initial-block-size-worker=262144"
    "memorysetup-temp-allocator-size-background-worker=32768"
    "memorysetup-temp-allocator-size-job-worker=262144"
    "memorysetup-temp-allocator-size-preload-manager=33554432"
    "memorysetup-temp-allocator-size-nav-mesh-worker=65536"
    "memorysetup-temp-allocator-size-audio-worker=65536"
    "memorysetup-temp-allocator-size-cloud-worker=32768"
    "memorysetup-temp-allocator-size-gi-baking-worker=262144"
    "memorysetup-temp-allocator-size-gfx=262144"
Player connection [26000] Host "[IP] 192.168.12.159 [Port] 0 [Flags] 2 [Guid] 3527145209 [EditorId] 3527145209 [Version] 1048832 [Id] WindowsEditor(7,MSI) [Debug] 1 [PackageName] WindowsEditor [ProjectName] Editor" joined multi-casting on [225.0.0.222:54997]...

Player connection [26000] Host "[IP] 192.168.12.159 [Port] 0 [Flags] 2 [Guid] 3527145209 [EditorId] 3527145209 [Version] 1048832 [Id] WindowsEditor(7,MSI) [Debug] 1 [PackageName] WindowsEditor [ProjectName] Editor" joined alternative multi-casting on [225.0.0.222:34997]...

[Physics::Module] Initialized MultithreadedJobDispatcher with 7 workers.
Refreshing native plugins compatible for Editor in 22.67 ms, found 4 plugins.
Preloading 0 native plugins for Editor in 0.00 ms.
Initialize engine version: 2022.3.15f1 (b58023a2b463)
[Subsystems] Discovering subsystems at path C:/Program Files/Unity/Hub/Editor/2022.3.15f1/Editor/Data/Resources/UnitySubsystems
[Subsystems] Discovering subsystems at path C:/Users/spark/Documents/GitHub/JJ-Mango/Assets
GfxDevice: creating device client; threaded=0; jobified=0
Direct3D:
    Version:  Direct3D 11.0 [level 11.1]
    Renderer: NVIDIA GeForce RTX 3060 Laptop GPU (ID=0x2520)
    Vendor:   NVIDIA
    VRAM:     6023 MB
    Driver:   30.0.14.7141
Initialize mono
Mono path[0] = 'C:/Program Files/Unity/Hub/Editor/2022.3.15f1/Editor/Data/Managed'
Mono path[1] = 'C:/Program Files/Unity/Hub/Editor/2022.3.15f1/Editor/Data/MonoBleedingEdge/lib/mono/unityjit-win32'
Mono config path = 'C:/Program Files/Unity/Hub/Editor/2022.3.15f1/Editor/Data/MonoBleedingEdge/etc'
Using monoOptions --debugger-agent=transport=dt_socket,embedding=1,server=y,suspend=n,address=127.0.0.1:56140
Begin MonoManager ReloadAssembly
Registering precompiled unity dll's ...
Register platform support module: C:/Program Files/Unity/Hub/Editor/2022.3.15f1/Editor/Data/PlaybackEngines/WindowsStandaloneSupport/UnityEditor.WindowsStandalone.Extensions.dll
Registered in 0.016917 seconds.
- Loaded All Assemblies, in  0.667 seconds
Native extension for WindowsStandalone target not found
Mono: successfully reloaded assembly
- Finished resetting the current domain, in  0.401 seconds
Domain Reload Profiling: 1065ms
	BeginReloadAssembly (262ms)
		ExecutionOrderSort (0ms)
		DisableScriptedObjects (0ms)
		BackupInstance (0ms)
		ReleaseScriptingObjects (0ms)
		CreateAndSetChildDomain (1ms)
	RebuildCommonClasses (69ms)
	RebuildNativeTypeToScriptingClass (16ms)
	initialDomainReloadingComplete (97ms)
	LoadAllAssembliesAndSetupDomain (219ms)
		LoadAssemblies (250ms)
		RebuildTransferFunctionScriptingTraits (0ms)
		AnalyzeDomain (217ms)
			TypeCache.Refresh (214ms)
				TypeCache.ScanAssembly (191ms)
			ScanForSourceGeneratedMonoScriptInfo (1ms)
			ResolveRequiredComponents (1ms)
	FinalizeReload (401ms)
		ReleaseScriptCaches (0ms)
		RebuildScriptCaches (0ms)
		SetupLoadedEditorAssemblies (315ms)
			LogAssemblyErrors (0ms)
			InitializePlatformSupportModulesInManaged (14ms)
			SetLoadedEditorAssemblies (10ms)
			RefreshPlugins (0ms)
			BeforeProcessingInitializeOnLoad (3ms)
			ProcessInitializeOnLoadAttributes (220ms)
			ProcessInitializeOnLoadMethodAttributes (68ms)
			AfterProcessingInitializeOnLoad (0ms)
			EditorAssembliesLoaded (0ms)
		ExecutionOrderSort2 (0ms)
		AwakeInstancesAfterBackupRestoration (0ms)
========================================================================
Worker process is ready to serve import requests
Begin MonoManager ReloadAssembly
- Loaded All Assemblies, in  1.273 seconds
Refreshing native plugins compatible for Editor in 55.38 ms, found 4 plugins.
OnLevelWasLoaded was found on GameManager
This message has been deprecated and will be removed in a later version of Unity.
Add a delegate to SceneManager.sceneLoaded instead to get notifications after scene loading has completed
Native extension for WindowsStandalone target not found
Package Manager log level set to [2]
[Package Manager] Server::EnsureServerProcessIsRunning -- launch failed, reason: Unity was launched with the -noUpm command-line argument
[Package Manager] UpmClient::Send -- Unable to send message (not connected to UPM process).
[Package Manager] Cannot connect to Unity Package Manager local server
Mono: successfully reloaded assembly
- Finished resetting the current domain, in  1.256 seconds
Domain Reload Profiling: 2521ms
	BeginReloadAssembly (238ms)
		ExecutionOrderSort (0ms)
		DisableScriptedObjects (9ms)
		BackupInstance (0ms)
		ReleaseScriptingObjects (0ms)
		CreateAndSetChildDomain (33ms)
	RebuildCommonClasses (56ms)
	RebuildNativeTypeToScriptingClass (20ms)
	initialDomainReloadingComplete (72ms)
	LoadAllAssembliesAndSetupDomain (879ms)
		LoadAssemblies (628ms)
		RebuildTransferFunctionScriptingTraits (0ms)
		AnalyzeDomain (392ms)
			TypeCache.Refresh (345ms)
				TypeCache.ScanAssembly (309ms)
			ScanForSourceGeneratedMonoScriptInfo (37ms)
			ResolveRequiredComponents (7ms)
	FinalizeReload (1256ms)
		ReleaseScriptCaches (0ms)
		RebuildScriptCaches (0ms)
		SetupLoadedEditorAssemblies (944ms)
			LogAssemblyErrors (0ms)
			InitializePlatformSupportModulesInManaged (11ms)
			SetLoadedEditorAssemblies (5ms)
			RefreshPlugins (0ms)
			BeforeProcessingInitializeOnLoad (131ms)
			ProcessInitializeOnLoadAttributes (720ms)
			ProcessInitializeOnLoadMethodAttributes (61ms)
			AfterProcessingInitializeOnLoad (15ms)
			EditorAssembliesLoaded (0ms)
		ExecutionOrderSort2 (0ms)
		AwakeInstancesAfterBackupRestoration (12ms)
Launched and connected shader compiler UnityShaderCompiler.exe after 0.09 seconds
Refreshing native plugins compatible for Editor in 10.65 ms, found 4 plugins.
Preloading 0 native plugins for Editor in 0.00 ms.
Unloading 4422 Unused Serialized files (Serialized files now loaded: 0)
Unloading 70 unused Assets / (35.3 KB). Loaded Objects now: 4886.
Memory consumption went from 156.1 MB to 156.1 MB.
Total: 6.221600 ms (FindLiveObjects: 0.454000 ms CreateObjectMapping: 0.416100 ms MarkObjects: 5.166200 ms  DeleteObjects: 0.184000 ms)

AssetImportParameters requested are different than current active one (requested -> active):
  custom:container-demuxer-ogg: 62fdf1f143b41e24485cea50d1cbac27 -> 
  custom:video-decoder-ogg-theora: a1e56fd34408186e4bbccfd4996cb3dc -> 
  custom:framework-win-MediaFoundation: 216162199b28c13a410421893ffa2e32 -> 
  custom:CustomObjectIndexerAttribute: 43b350a4d6e6d1791af0b5038c4bea17 -> 
  custom:container-demuxer-webm: 4f35f7cbe854078d1ac9338744f61a02 -> 
  custom:container-muxer-webm: aa71ff27fc2769a1b78a27578f13a17b -> 
  custom:video-decoder-webm-vp8: 9c59270c3fd7afecdb556c50c9e8de78 -> 
  custom:SearchIndexIgnoredProperties: e643bd26f0fe6173181afceb89e7c659 -> 
  custom:AudioImporter_EditorPlatform: d09bf68614088b80899f8185d706f6e7 -> 
  custom:video-encoder-webm-vp8: eb34c28f22e8b96e1ab97ce403110664 -> 
  custom:audio-decoder-ogg-vorbis: bf7c407c2cedff20999df2af8eb42d56 -> 
  custom:audio-encoder-webm-vorbis: bf7c407c2cedff20999df2af8eb42d56 -> 
========================================================================
Received Import Request.
  Time since last request: 444271.069799 seconds.
  path: Assets/Game 1 Music/Game Jumble - Main theme for looping.mp3
  artifactKey: Guid(3fc9c67f89d81e548a0189af4652f9fc) Importer(815301076,1909f56bfc062723c751e8b465ee728b)
Start importing Assets/Game 1 Music/Game Jumble - Main theme for looping.mp3 using Guid(3fc9c67f89d81e548a0189af4652f9fc) Importer(815301076,1909f56bfc062723c751e8b465ee728b)  -> (artifact id: '0348c719b6a8c210a8ba556011c9c5c8') in 0.173241 seconds
Number of updated asset objects reloaded before import = 0
Number of asset objects unloaded after import = 2
========================================================================
Received Import Request.
  Time since last request: 0.000046 seconds.
  path: Assets/Game 1 Music/Game Jumble - Shield sfx.mp3
  artifactKey: Guid(11a7b8d4c45ec8642ae9774d4edb0c5b) Importer(815301076,1909f56bfc062723c751e8b465ee728b)
Start importing Assets/Game 1 Music/Game Jumble - Shield sfx.mp3 using Guid(11a7b8d4c45ec8642ae9774d4edb0c5b) Importer(815301076,1909f56bfc062723c751e8b465ee728b)  -> (artifact id: 'd8218783e7a0db267dd2b4b14ee4fba6') in 0.042328 seconds
Number of updated asset objects reloaded before import = 0
Number of asset objects unloaded after import = 2
========================================================================
Received Import Request.
  Time since last request: 0.000032 seconds.
  path: Assets/Game 1 Music/Game Jumble - Swing sfx.mp3
  artifactKey: Guid(7a2f7280433337243badea18cb23a1b5) Importer(815301076,1909f56bfc062723c751e8b465ee728b)
Start importing Assets/Game 1 Music/Game Jumble - Swing sfx.mp3 using Guid(7a2f7280433337243badea18cb23a1b5) Importer(815301076,1909f56bfc062723c751e8b465ee728b)  -> (artifact id: 'a537b5da8c8649beb8a54c86640a7723') in 0.020816 seconds
Number of updated asset objects reloaded before import = 0
Number of asset objects unloaded after import = 2
========================================================================
Received Import Request.
  Time since last request: 0.000020 seconds.
  path: Assets/Physics/DefaultPhysics.physicsMaterial2D
  artifactKey: Guid(b7a381d9022c2274ebb231c17606e60e) Importer(815301076,1909f56bfc062723c751e8b465ee728b)
Start importing Assets/Physics/DefaultPhysics.physicsMaterial2D using Guid(b7a381d9022c2274ebb231c17606e60e) Importer(815301076,1909f56bfc062723c751e8b465ee728b)  -> (artifact id: '3bf1af9f58535f1a102c086dca2a2847') in 0.001636 seconds
Number of updated asset objects reloaded before import = 0
Number of asset objects unloaded after import = 1
========================================================================
Received Import Request.
  Time since last request: 47.601782 seconds.
  path: Assets/Images/Dodge 1.png
  artifactKey: Guid(eca727bebfd5e2e428433ea6e5406ec2) Importer(815301076,1909f56bfc062723c751e8b465ee728b)
Start importing Assets/Images/Dodge 1.png using Guid(eca727bebfd5e2e428433ea6e5406ec2) Importer(815301076,1909f56bfc062723c751e8b465ee728b)  -> (artifact id: '8175c3de336d815526926e78a9f3c2df') in 0.098974 seconds
Number of updated asset objects reloaded before import = 0
Number of asset objects unloaded after import = 3
========================================================================
Received Import Request.
  Time since last request: 0.000228 seconds.
  path: Assets/Images/librarian_stab_3.png
  artifactKey: Guid(d4a02bd818ef572499c0324c03a2733d) Importer(815301076,1909f56bfc062723c751e8b465ee728b)
Start importing Assets/Images/librarian_stab_3.png using Guid(d4a02bd818ef572499c0324c03a2733d) Importer(815301076,1909f56bfc062723c751e8b465ee728b)  -> (artifact id: '5ab70da3493e7278c5a018f1267dc0fe') in 0.089440 seconds
Number of updated asset objects reloaded before import = 0
Number of asset objects unloaded after import = 3
========================================================================
Received Import Request.
  Time since last request: 0.000024 seconds.
  path: Assets/Images/WalkR1Obi.png
  artifactKey: Guid(3cbddd925ddcc2c42a208fdfa761e7a3) Importer(815301076,1909f56bfc062723c751e8b465ee728b)
Start importing Assets/Images/WalkR1Obi.png using Guid(3cbddd925ddcc2c42a208fdfa761e7a3) Importer(815301076,1909f56bfc062723c751e8b465ee728b)  -> (artifact id: 'cc725bb95e1d43f4ab02c396b6a4ad2b') in 0.041704 seconds
Number of updated asset objects reloaded before import = 0
Number of asset objects unloaded after import = 3
========================================================================
Received Import Request.
  Time since last request: 0.000021 seconds.
  path: Assets/Images/Dodge 4.png
  artifactKey: Guid(bb8f0a11d6260a64fbae264ea47f31d0) Importer(815301076,1909f56bfc062723c751e8b465ee728b)
Start importing Assets/Images/Dodge 4.png using Guid(bb8f0a11d6260a64fbae264ea47f31d0) Importer(815301076,1909f56bfc062723c751e8b465ee728b)  -> (artifact id: '85745a5d37452617cff5b2fb444f2550') in 0.054728 seconds
Number of updated asset objects reloaded before import = 0
Number of asset objects unloaded after import = 3
========================================================================
Received Import Request.
  Time since last request: 0.000027 seconds.
  path: Assets/Images/Stab2Obi.png
  artifactKey: Guid(505809a035d2b204980c3b1665f62430) Importer(815301076,1909f56bfc062723c751e8b465ee728b)
Start importing Assets/Images/Stab2Obi.png using Guid(505809a035d2b204980c3b1665f62430) Importer(815301076,1909f56bfc062723c751e8b465ee728b)  -> (artifact id: 'c0c1c036589f9e325434c6917a3b5906') in 0.054321 seconds
Number of updated asset objects reloaded before import = 0
Number of asset objects unloaded after import = 3
========================================================================
Received Import Request.
  Time since last request: 0.000052 seconds.
  path: Assets/Images/ObiSlash1.png
  artifactKey: Guid(1e0aa7f05995b3743bf125e1b071b3fb) Importer(815301076,1909f56bfc062723c751e8b465ee728b)
Start importing Assets/Images/ObiSlash1.png using Guid(1e0aa7f05995b3743bf125e1b071b3fb) Importer(815301076,1909f56bfc062723c751e8b465ee728b)  -> (artifact id: 'b61b8ea98187d96f9bada4d88dca060c') in 0.041179 seconds
Number of updated asset objects reloaded before import = 0
Number of asset objects unloaded after import = 3
========================================================================
Received Import Request.
  Time since last request: 0.000017 seconds.
  path: Assets/Images/WalkL1Obi.png
  artifactKey: Guid(f9bc864d14252ad41846e0a9fcf8b9d0) Importer(815301076,1909f56bfc062723c751e8b465ee728b)
Start importing Assets/Images/WalkL1Obi.png using Guid(f9bc864d14252ad41846e0a9fcf8b9d0) Importer(815301076,1909f56bfc062723c751e8b465ee728b)  -> (artifact id: 'f2cf91a584d22e0c2c908439d3378a2f') in 0.044978 seconds
Number of updated asset objects reloaded before import = 0
Number of asset objects unloaded after import = 3
========================================================================
Received Import Request.
  Time since last request: 0.000038 seconds.
  path: Assets/Images/librarian_slash_2.png
  artifactKey: Guid(6c299831a1cf58f47a55a64994d9fdd4) Importer(815301076,1909f56bfc062723c751e8b465ee728b)
Start importing Assets/Images/librarian_slash_2.png using Guid(6c299831a1cf58f47a55a64994d9fdd4) Importer(815301076,1909f56bfc062723c751e8b465ee728b)  -> (artifact id: '736d2605a5d1a6ef4dc4e863b68382c1') in 0.073731 seconds
Number of updated asset objects reloaded before import = 0
Number of asset objects unloaded after import = 3
========================================================================
Received Import Request.
  Time since last request: 0.000054 seconds.
  path: Assets/Images/WalkL2Obi.png
  artifactKey: Guid(a371d262cfb82c6459744907515ba73c) Importer(815301076,1909f56bfc062723c751e8b465ee728b)
Start importing Assets/Images/WalkL2Obi.png using Guid(a371d262cfb82c6459744907515ba73c) Importer(815301076,1909f56bfc062723c751e8b465ee728b)  -> (artifact id: '6afb4d5ee1cf63d08934834cb6de3049') in 0.051335 seconds
Number of updated asset objects reloaded before import = 0
Number of asset objects unloaded after import = 3
Editor requested this worker to shutdown with reason: Scaling down because of idle timeout
TcpMessagingSession - receive error: operation aborted. errorcode: 995, details: The I/O operation has been aborted because of either a thread exit or an application request.
AssetImportWorker is now disconnected from the server
Process exiting
Exiting without the bug reporter. Application will terminate with return code 0