Using pre-set license
Built from '2022.3/staging' branch; Version is '2022.3.15f1 (b58023a2b463) revision 11894819'; Using compiler version '192829333'; Build Type 'Release'
OS: 'Windows 10  (10.0.19045) 64bit Core' Language: 'en' Physical Memory: 16085 MB
BatchMode: 1, IsHumanControllingUs: 0, StartBugReporterOnCrash: 0, Is64bit: 1, IsPro: 1

COMMAND LINE ARGUMENTS:
C:\Program Files\Unity\Hub\Editor\2022.3.15f1\Editor\Unity.exe
-adb2
-batchMode
-noUpm
-name
AssetImportWorker0
-projectPath
C:/Users/spark/Documents/GitHub/JJ-Mango
-logFile
Logs/AssetImportWorker0.log
-srvPort
53411
Successfully changed project path to: C:/Users/spark/Documents/GitHub/JJ-Mango
C:/Users/spark/Documents/GitHub/JJ-Mango
[UnityMemory] Configuration Parameters - Can be set up in boot.config
    "memorysetup-bucket-allocator-granularity=16"
    "memorysetup-bucket-allocator-bucket-count=8"
    "memorysetup-bucket-allocator-block-size=33554432"
    "memorysetup-bucket-allocator-block-count=8"
    "memorysetup-main-allocator-block-size=16777216"
    "memorysetup-thread-allocator-block-size=16777216"
    "memorysetup-gfx-main-allocator-block-size=16777216"
    "memorysetup-gfx-thread-allocator-block-size=16777216"
    "memorysetup-cache-allocator-block-size=4194304"
    "memorysetup-typetree-allocator-block-size=2097152"
    "memorysetup-profiler-bucket-allocator-granularity=16"
    "memorysetup-profiler-bucket-allocator-bucket-count=8"
    "memorysetup-profiler-bucket-allocator-block-size=33554432"
    "memorysetup-profiler-bucket-allocator-block-count=8"
    "memorysetup-profiler-allocator-block-size=16777216"
    "memorysetup-profiler-editor-allocator-block-size=1048576"
    "memorysetup-temp-allocator-size-main=16777216"
    "memorysetup-job-temp-allocator-block-size=2097152"
    "memorysetup-job-temp-allocator-block-size-background=1048576"
    "memorysetup-job-temp-allocator-reduction-small-platforms=262144"
    "memorysetup-allocator-temp-initial-block-size-main=262144"
    "memorysetup-allocator-temp-initial-block-size-worker=262144"
    "memorysetup-temp-allocator-size-background-worker=32768"
    "memorysetup-temp-allocator-size-job-worker=262144"
    "memorysetup-temp-allocator-size-preload-manager=33554432"
    "memorysetup-temp-allocator-size-nav-mesh-worker=65536"
    "memorysetup-temp-allocator-size-audio-worker=65536"
    "memorysetup-temp-allocator-size-cloud-worker=32768"
    "memorysetup-temp-allocator-size-gi-baking-worker=262144"
    "memorysetup-temp-allocator-size-gfx=262144"
Player connection [17500] Host "[IP] 192.168.12.159 [Port] 0 [Flags] 2 [Guid] 1877701060 [EditorId] 1877701060 [Version] 1048832 [Id] WindowsEditor(7,MSI) [Debug] 1 [PackageName] WindowsEditor [ProjectName] Editor" joined multi-casting on [225.0.0.222:54997]...

Player connection [17500] Host "[IP] 192.168.12.159 [Port] 0 [Flags] 2 [Guid] 1877701060 [EditorId] 1877701060 [Version] 1048832 [Id] WindowsEditor(7,MSI) [Debug] 1 [PackageName] WindowsEditor [ProjectName] Editor" joined alternative multi-casting on [225.0.0.222:34997]...

[Physics::Module] Initialized MultithreadedJobDispatcher with 7 workers.
Refreshing native plugins compatible for Editor in 20.59 ms, found 4 plugins.
Preloading 0 native plugins for Editor in 0.00 ms.
Initialize engine version: 2022.3.15f1 (b58023a2b463)
[Subsystems] Discovering subsystems at path C:/Program Files/Unity/Hub/Editor/2022.3.15f1/Editor/Data/Resources/UnitySubsystems
[Subsystems] Discovering subsystems at path C:/Users/spark/Documents/GitHub/JJ-Mango/Assets
GfxDevice: creating device client; threaded=0; jobified=0
Direct3D:
    Version:  Direct3D 11.0 [level 11.1]
    Renderer: NVIDIA GeForce RTX 3060 Laptop GPU (ID=0x2520)
    Vendor:   NVIDIA
    VRAM:     6023 MB
    Driver:   30.0.14.7141
Initialize mono
Mono path[0] = 'C:/Program Files/Unity/Hub/Editor/2022.3.15f1/Editor/Data/Managed'
Mono path[1] = 'C:/Program Files/Unity/Hub/Editor/2022.3.15f1/Editor/Data/MonoBleedingEdge/lib/mono/unityjit-win32'
Mono config path = 'C:/Program Files/Unity/Hub/Editor/2022.3.15f1/Editor/Data/MonoBleedingEdge/etc'
Using monoOptions --debugger-agent=transport=dt_socket,embedding=1,server=y,suspend=n,address=127.0.0.1:56224
Begin MonoManager ReloadAssembly
Registering precompiled unity dll's ...
Register platform support module: C:/Program Files/Unity/Hub/Editor/2022.3.15f1/Editor/Data/PlaybackEngines/WindowsStandaloneSupport/UnityEditor.WindowsStandalone.Extensions.dll
Registered in 0.015574 seconds.
- Loaded All Assemblies, in  0.648 seconds
Native extension for WindowsStandalone target not found
Mono: successfully reloaded assembly
- Finished resetting the current domain, in  0.398 seconds
Domain Reload Profiling: 1043ms
	BeginReloadAssembly (236ms)
		ExecutionOrderSort (0ms)
		DisableScriptedObjects (0ms)
		BackupInstance (0ms)
		ReleaseScriptingObjects (0ms)
		CreateAndSetChildDomain (1ms)
	RebuildCommonClasses (72ms)
	RebuildNativeTypeToScriptingClass (18ms)
	initialDomainReloadingComplete (97ms)
	LoadAllAssembliesAndSetupDomain (221ms)
		LoadAssemblies (229ms)
		RebuildTransferFunctionScriptingTraits (0ms)
		AnalyzeDomain (218ms)
			TypeCache.Refresh (217ms)
				TypeCache.ScanAssembly (195ms)
			ScanForSourceGeneratedMonoScriptInfo (0ms)
			ResolveRequiredComponents (0ms)
	FinalizeReload (399ms)
		ReleaseScriptCaches (0ms)
		RebuildScriptCaches (0ms)
		SetupLoadedEditorAssemblies (315ms)
			LogAssemblyErrors (0ms)
			InitializePlatformSupportModulesInManaged (14ms)
			SetLoadedEditorAssemblies (10ms)
			RefreshPlugins (0ms)
			BeforeProcessingInitializeOnLoad (3ms)
			ProcessInitializeOnLoadAttributes (219ms)
			ProcessInitializeOnLoadMethodAttributes (69ms)
			AfterProcessingInitializeOnLoad (0ms)
			EditorAssembliesLoaded (0ms)
		ExecutionOrderSort2 (0ms)
		AwakeInstancesAfterBackupRestoration (0ms)
========================================================================
Worker process is ready to serve import requests
Begin MonoManager ReloadAssembly
- Loaded All Assemblies, in  1.255 seconds
Refreshing native plugins compatible for Editor in 34.76 ms, found 4 plugins.
OnLevelWasLoaded was found on GameManager
This message has been deprecated and will be removed in a later version of Unity.
Add a delegate to SceneManager.sceneLoaded instead to get notifications after scene loading has completed
Native extension for WindowsStandalone target not found
Package Manager log level set to [2]
[Package Manager] Server::EnsureServerProcessIsRunning -- launch failed, reason: Unity was launched with the -noUpm command-line argument
[Package Manager] UpmClient::Send -- Unable to send message (not connected to UPM process).
[Package Manager] Cannot connect to Unity Package Manager local server
Mono: successfully reloaded assembly
- Finished resetting the current domain, in  1.268 seconds
Domain Reload Profiling: 2516ms
	BeginReloadAssembly (226ms)
		ExecutionOrderSort (0ms)
		DisableScriptedObjects (8ms)
		BackupInstance (0ms)
		ReleaseScriptingObjects (0ms)
		CreateAndSetChildDomain (34ms)
	RebuildCommonClasses (53ms)
	RebuildNativeTypeToScriptingClass (19ms)
	initialDomainReloadingComplete (66ms)
	LoadAllAssembliesAndSetupDomain (883ms)
		LoadAssemblies (626ms)
		RebuildTransferFunctionScriptingTraits (0ms)
		AnalyzeDomain (385ms)
			TypeCache.Refresh (339ms)
				TypeCache.ScanAssembly (309ms)
			ScanForSourceGeneratedMonoScriptInfo (35ms)
			ResolveRequiredComponents (8ms)
	FinalizeReload (1269ms)
		ReleaseScriptCaches (0ms)
		RebuildScriptCaches (0ms)
		SetupLoadedEditorAssemblies (931ms)
			LogAssemblyErrors (0ms)
			InitializePlatformSupportModulesInManaged (10ms)
			SetLoadedEditorAssemblies (6ms)
			RefreshPlugins (0ms)
			BeforeProcessingInitializeOnLoad (139ms)
			ProcessInitializeOnLoadAttributes (699ms)
			ProcessInitializeOnLoadMethodAttributes (60ms)
			AfterProcessingInitializeOnLoad (16ms)
			EditorAssembliesLoaded (0ms)
		ExecutionOrderSort2 (0ms)
		AwakeInstancesAfterBackupRestoration (15ms)
Launched and connected shader compiler UnityShaderCompiler.exe after 0.12 seconds
Refreshing native plugins compatible for Editor in 11.20 ms, found 4 plugins.
Preloading 0 native plugins for Editor in 0.00 ms.
Unloading 4422 Unused Serialized files (Serialized files now loaded: 0)
Unloading 70 unused Assets / (35.3 KB). Loaded Objects now: 4886.
Memory consumption went from 156.1 MB to 156.0 MB.
Total: 8.404700 ms (FindLiveObjects: 2.116100 ms CreateObjectMapping: 1.097400 ms MarkObjects: 5.015700 ms  DeleteObjects: 0.173400 ms)

AssetImportParameters requested are different than current active one (requested -> active):
  custom:container-demuxer-ogg: 62fdf1f143b41e24485cea50d1cbac27 -> 
  custom:video-decoder-ogg-theora: a1e56fd34408186e4bbccfd4996cb3dc -> 
  custom:framework-win-MediaFoundation: 216162199b28c13a410421893ffa2e32 -> 
  custom:CustomObjectIndexerAttribute: 43b350a4d6e6d1791af0b5038c4bea17 -> 
  custom:container-demuxer-webm: 4f35f7cbe854078d1ac9338744f61a02 -> 
  custom:container-muxer-webm: aa71ff27fc2769a1b78a27578f13a17b -> 
  custom:video-decoder-webm-vp8: 9c59270c3fd7afecdb556c50c9e8de78 -> 
  custom:SearchIndexIgnoredProperties: e643bd26f0fe6173181afceb89e7c659 -> 
  custom:AudioImporter_EditorPlatform: d09bf68614088b80899f8185d706f6e7 -> 
  custom:video-encoder-webm-vp8: eb34c28f22e8b96e1ab97ce403110664 -> 
  custom:audio-decoder-ogg-vorbis: bf7c407c2cedff20999df2af8eb42d56 -> 
  custom:audio-encoder-webm-vorbis: bf7c407c2cedff20999df2af8eb42d56 -> 
========================================================================
Received Import Request.
  Time since last request: 444271.069619 seconds.
  path: Assets/Physics/BallPhysics.physicsMaterial2D
  artifactKey: Guid(892c0bb0da3021b449054ff706366af7) Importer(815301076,1909f56bfc062723c751e8b465ee728b)
Start importing Assets/Physics/BallPhysics.physicsMaterial2D using Guid(892c0bb0da3021b449054ff706366af7) Importer(815301076,1909f56bfc062723c751e8b465ee728b)  -> (artifact id: 'f887addbca1e45001688cda603c08f8a') in 0.031867 seconds
Number of updated asset objects reloaded before import = 0
Number of asset objects unloaded after import = 1
========================================================================
Received Import Request.
  Time since last request: 0.000025 seconds.
  path: Assets/Game 1 Music/Game Jumble - Roll sfx.mp3
  artifactKey: Guid(7e3e1ed54b0f73e44873c4a8047f2d11) Importer(815301076,1909f56bfc062723c751e8b465ee728b)
Start importing Assets/Game 1 Music/Game Jumble - Roll sfx.mp3 using Guid(7e3e1ed54b0f73e44873c4a8047f2d11) Importer(815301076,1909f56bfc062723c751e8b465ee728b)  -> (artifact id: '8e0dbf8fb67db08c09c0ad1870a00beb') in 0.152229 seconds
Number of updated asset objects reloaded before import = 0
Number of asset objects unloaded after import = 2
========================================================================
Received Import Request.
  Time since last request: 0.000029 seconds.
  path: Assets/Game 1 Music/Game Jumble - Stab sfx.mp3
  artifactKey: Guid(422cca325fb4f214ebfd1539edf27beb) Importer(815301076,1909f56bfc062723c751e8b465ee728b)
Start importing Assets/Game 1 Music/Game Jumble - Stab sfx.mp3 using Guid(422cca325fb4f214ebfd1539edf27beb) Importer(815301076,1909f56bfc062723c751e8b465ee728b)  -> (artifact id: '5882498719680c451dbcd8b5311a7c5c') in 0.032149 seconds
Number of updated asset objects reloaded before import = 0
Number of asset objects unloaded after import = 2
========================================================================
Received Import Request.
  Time since last request: 0.000019 seconds.
  path: Assets/Game 1 Music/Game Jumble - Library theme for looping.mp3
  artifactKey: Guid(179f770323ac8dc4588e77292a1b7209) Importer(815301076,1909f56bfc062723c751e8b465ee728b)
Start importing Assets/Game 1 Music/Game Jumble - Library theme for looping.mp3 using Guid(179f770323ac8dc4588e77292a1b7209) Importer(815301076,1909f56bfc062723c751e8b465ee728b)  -> (artifact id: '4f746b6f4a780ab2b09e9734620042a0') in 0.025923 seconds
Number of updated asset objects reloaded before import = 0
Number of asset objects unloaded after import = 2
========================================================================
Received Import Request.
  Time since last request: 47.596078 seconds.
  path: Assets/Images/battlescene_foreground.png
  artifactKey: Guid(249e788dfbde0de4da57755cd08a8f7d) Importer(815301076,1909f56bfc062723c751e8b465ee728b)
Start importing Assets/Images/battlescene_foreground.png using Guid(249e788dfbde0de4da57755cd08a8f7d) Importer(815301076,1909f56bfc062723c751e8b465ee728b)  -> (artifact id: 'c5097aac9105edaa1ba888043b2e4264') in 0.121473 seconds
Number of updated asset objects reloaded before import = 0
Number of asset objects unloaded after import = 3
========================================================================
Received Import Request.
  Time since last request: 0.000039 seconds.
  path: Assets/Images/librarian_slash_4.png
  artifactKey: Guid(f98469d68aa19bd4bb928a11a0fd5281) Importer(815301076,1909f56bfc062723c751e8b465ee728b)
Start importing Assets/Images/librarian_slash_4.png using Guid(f98469d68aa19bd4bb928a11a0fd5281) Importer(815301076,1909f56bfc062723c751e8b465ee728b)  -> (artifact id: '9703b756feb47e5df2bb9957b2bc1519') in 0.083269 seconds
Number of updated asset objects reloaded before import = 0
Number of asset objects unloaded after import = 3
========================================================================
Received Import Request.
  Time since last request: 0.000062 seconds.
  path: Assets/Images/librarian_run_4.png
  artifactKey: Guid(6b6f1df0b9f54ff4c95483a667f7b4bc) Importer(815301076,1909f56bfc062723c751e8b465ee728b)
Start importing Assets/Images/librarian_run_4.png using Guid(6b6f1df0b9f54ff4c95483a667f7b4bc) Importer(815301076,1909f56bfc062723c751e8b465ee728b)  -> (artifact id: '8e759d7cc40586a1031222301a16f471') in 0.064261 seconds
Number of updated asset objects reloaded before import = 0
Number of asset objects unloaded after import = 3
========================================================================
Received Import Request.
  Time since last request: 0.000123 seconds.
  path: Assets/Images/librarian_run_1.png
  artifactKey: Guid(2cb84305dfb18864dbd741de43398a59) Importer(815301076,1909f56bfc062723c751e8b465ee728b)
Start importing Assets/Images/librarian_run_1.png using Guid(2cb84305dfb18864dbd741de43398a59) Importer(815301076,1909f56bfc062723c751e8b465ee728b)  -> (artifact id: '15d870db73519814703526c5b1b9c29f') in 0.066557 seconds
Number of updated asset objects reloaded before import = 0
Number of asset objects unloaded after import = 3
========================================================================
Received Import Request.
  Time since last request: 0.000032 seconds.
  path: Assets/Images/ObiLazerSword.png
  artifactKey: Guid(a02427e9cff939f458887854bdcc16e5) Importer(815301076,1909f56bfc062723c751e8b465ee728b)
Start importing Assets/Images/ObiLazerSword.png using Guid(a02427e9cff939f458887854bdcc16e5) Importer(815301076,1909f56bfc062723c751e8b465ee728b)  -> (artifact id: '794d1b2d72de0035e76a386f4073ab93') in 0.047532 seconds
Number of updated asset objects reloaded before import = 0
Number of asset objects unloaded after import = 3
========================================================================
Received Import Request.
  Time since last request: 0.000019 seconds.
  path: Assets/Images/librarian_run_2.png
  artifactKey: Guid(042276bd81e5f4842bdb0bc53a2c9c9b) Importer(815301076,1909f56bfc062723c751e8b465ee728b)
Start importing Assets/Images/librarian_run_2.png using Guid(042276bd81e5f4842bdb0bc53a2c9c9b) Importer(815301076,1909f56bfc062723c751e8b465ee728b)  -> (artifact id: '8e19276944b17cf1657f0772d3378569') in 0.052204 seconds
Number of updated asset objects reloaded before import = 0
Number of asset objects unloaded after import = 3
========================================================================
Received Import Request.
  Time since last request: 0.000028 seconds.
  path: Assets/Images/ObiSlash2.png
  artifactKey: Guid(b502d2148681bda47b1ca65acdef6e7d) Importer(815301076,1909f56bfc062723c751e8b465ee728b)
Start importing Assets/Images/ObiSlash2.png using Guid(b502d2148681bda47b1ca65acdef6e7d) Importer(815301076,1909f56bfc062723c751e8b465ee728b)  -> (artifact id: '7908f7e704f10f2296c5b8e63bb76ba2') in 0.060087 seconds
Number of updated asset objects reloaded before import = 0
Number of asset objects unloaded after import = 3
========================================================================
Received Import Request.
  Time since last request: 0.000236 seconds.
  path: Assets/Images/Idle1Obi.png
  artifactKey: Guid(4002cea476fb07e46ba054f74a4e169c) Importer(815301076,1909f56bfc062723c751e8b465ee728b)
Start importing Assets/Images/Idle1Obi.png using Guid(4002cea476fb07e46ba054f74a4e169c) Importer(815301076,1909f56bfc062723c751e8b465ee728b)  -> (artifact id: 'da6ec66723c36cb8065d37f6ec7777e7') in 0.059447 seconds
Number of updated asset objects reloaded before import = 0
Number of asset objects unloaded after import = 3
Editor requested this worker to shutdown with reason: Scaling down because of idle timeout
TcpMessagingSession - receive error: operation aborted. errorcode: 995, details: The I/O operation has been aborted because of either a thread exit or an application request.
AssetImportWorker is now disconnected from the server
Process exiting
Exiting without the bug reporter. Application will terminate with return code 0